2025-06-16 10:36:15,399 - recommendation_system - INFO - Loading data files...
2025-06-16 10:36:15,406 - recommendation_system - ERROR - Error loading data: Required data files not found
2025-06-16 10:37:54,975 - recommendation_system - INFO - Loading data files...
2025-06-16 10:37:55,104 - data_processor - INFO - Starting data preprocessing...
2025-06-16 10:37:55,117 - data_processor - INFO - Created item data: 39 items
2025-06-16 10:37:55,396 - data_processor - INFO - Created ratings data: 46956 ratings
2025-06-16 10:37:55,418 - data_processor - INFO - Created user data: 1216 users
2025-06-16 10:37:55,829 - data_processor - INFO - Final data shapes - Users: (46956, 81), Items: (46956, 27), Ratings: (46956, 3)
2025-06-16 10:37:55,829 - recommendation_system - INFO - Data loaded successfully: 46956 users, 46956 items, 46956 ratings
2025-06-16 10:37:55,829 - recommendation_system - INFO - Starting model training...
2025-06-16 10:37:55,918 - recommendation_system - INFO - Model dimensions - Users: 1204, Items: 39, User features: 81, Item features: 27
2025-06-16 10:42:10,491 - recommendation_system - INFO - Training completed. Test RMSE: 0.2279
2025-06-16 10:42:10,965 - recommendation_system - INFO - Model and data saved to dyslexia_model.pth
2025-06-16 10:42:10,971 - recommendation_system - INFO - User 7000 - Existing: False
2025-06-16 10:42:11,023 - recommendation_system - INFO - User 8000 - Existing: False
2025-06-16 10:42:11,070 - recommendation_system - INFO - User 400 - Existing: True
2025-06-16 10:42:11,072 - recommendation_system - INFO - User 400: 24 high-rated items out of 39 total
2025-06-16 10:42:28,393 - recommendation_system - INFO - User 5 - Existing: True
2025-06-16 10:42:28,396 - recommendation_system - INFO - User 5: 22 high-rated items out of 39 total
2025-06-16 10:42:36,447 - recommendation_system - INFO - User 89 - Existing: True
2025-06-16 10:42:36,450 - recommendation_system - INFO - User 89: 19 high-rated items out of 39 total
2025-06-16 10:42:47,036 - recommendation_system - INFO - User 78233 - Existing: False
2025-06-16 10:42:58,756 - recommendation_system - INFO - User 3243 - Existing: False
2025-06-16 10:43:10,169 - recommendation_system - INFO - User 4434 - Existing: False
2025-06-16 10:45:27,789 - recommendation_system - INFO - Loading data files...
2025-06-16 10:45:27,843 - data_processor - INFO - Starting data preprocessing...
2025-06-16 10:45:27,843 - data_processor - INFO - Created item data: 39 items
2025-06-16 10:45:28,127 - data_processor - INFO - Created ratings data: 46956 ratings
2025-06-16 10:45:28,127 - data_processor - INFO - Created user data: 1216 users
2025-06-16 10:45:28,491 - data_processor - INFO - Final data shapes - Users: (46956, 81), Items: (46956, 27), Ratings: (46956, 3)
2025-06-16 10:45:28,491 - recommendation_system - INFO - Data loaded successfully: 46956 users, 46956 items, 46956 ratings
2025-06-16 10:45:28,491 - hpo - INFO - Starting hyperparameter optimization...
2025-06-16 10:45:32,524 - hpo - ERROR - Error during HPO: index out of range in self
2025-06-16 10:49:55,889 - recommendation_system - INFO - Loading data files...
2025-06-16 10:49:55,962 - data_processor - INFO - Starting data preprocessing...
2025-06-16 10:49:55,995 - data_processor - INFO - Created item data: 39 items
2025-06-16 10:49:56,282 - data_processor - INFO - Created ratings data: 46956 ratings
2025-06-16 10:49:56,291 - data_processor - INFO - Created user data: 1216 users
2025-06-16 10:49:56,678 - data_processor - INFO - Final data shapes - Users: (46956, 81), Items: (46956, 27), Ratings: (46956, 3)
2025-06-16 10:49:56,679 - recommendation_system - INFO - Data loaded successfully: 46956 users, 46956 items, 46956 ratings
2025-06-16 10:49:56,681 - hpo - INFO - Starting hyperparameter optimization...
2025-06-16 10:50:00,583 - hpo - ERROR - Error during HPO: index out of range in self
2025-06-16 10:54:48,971 - recommendation_system - INFO - Loading data files...
2025-06-16 10:54:49,035 - data_processor - INFO - Starting data preprocessing...
2025-06-16 10:54:49,037 - data_processor - INFO - Created item data: 39 items
2025-06-16 10:54:49,331 - data_processor - INFO - Created ratings data: 46956 ratings
2025-06-16 10:54:49,346 - data_processor - INFO - Created user data: 1216 users
2025-06-16 10:54:49,830 - data_processor - INFO - Final data shapes - Users: (46956, 81), Items: (46956, 27), Ratings: (46956, 3)
2025-06-16 10:54:49,831 - recommendation_system - INFO - Data loaded successfully: 46956 users, 46956 items, 46956 ratings
2025-06-16 10:54:49,833 - hpo - INFO - Starting hyperparameter optimization...
2025-06-16 11:28:47,291 - hpo - INFO - Hyperparameter optimization completed!
2025-06-16 11:28:47,292 - hpo - INFO - Best trial value: 0.061724
2025-06-16 11:28:47,293 - hpo - INFO - Best parameters: {'batch_size': 128, 'embedding_dims': 128, 'dropout': 0.2384003092441529, 'lr': 0.00017991126567896116, 'weight_decay': 5.2211555663033136e-05, 'n_layers': 4, 'hidden_dim_layer_0': 256, 'hidden_dim_layer_1': 128, 'hidden_dim_layer_2': 1024, 'hidden_dim_layer_3': 512}
2025-06-16 11:28:47,302 - hpo - INFO - Study saved to dyslexia_ncf_optimization_study.pkl
2025-06-16 11:28:47,307 - recommendation_system - INFO - Starting model training...
2025-06-16 11:28:47,309 - recommendation_system - INFO - Using optimized hyperparameters from HPO
2025-06-16 11:28:47,358 - recommendation_system - INFO - Model dimensions - Users: 1204, Items: 39, User features: 81, Item features: 27
2025-06-16 11:32:37,962 - recommendation_system - INFO - Training completed. Test RMSE: 0.2222
2025-06-16 11:32:38,392 - recommendation_system - INFO - Model and data saved to dyslexia_model_optimized.pth
2025-06-16 11:32:38,400 - recommendation_system - INFO - User 7000 - Existing: False
2025-06-16 11:32:38,446 - recommendation_system - INFO - User 8000 - Existing: False
2025-06-16 11:32:38,483 - recommendation_system - INFO - User 400 - Existing: True
2025-06-16 11:32:38,486 - recommendation_system - INFO - User 400: 24 high-rated items out of 39 total
2025-06-16 11:33:44,107 - recommendation_system - INFO - User 5 - Existing: True
2025-06-16 11:33:44,109 - recommendation_system - INFO - User 5: 22 high-rated items out of 39 total
2025-06-16 11:33:48,223 - recommendation_system - INFO - User 6545 - Existing: False
2025-06-16 11:33:52,284 - recommendation_system - INFO - User 8765 - Existing: False
2025-06-16 11:34:10,443 - recommendation_system - INFO - Loading data files...
2025-06-16 11:34:10,502 - data_processor - INFO - Starting data preprocessing...
2025-06-16 11:34:10,502 - data_processor - INFO - Created item data: 39 items
2025-06-16 11:34:10,745 - data_processor - INFO - Created ratings data: 46956 ratings
2025-06-16 11:34:10,752 - data_processor - INFO - Created user data: 1216 users
2025-06-16 11:34:11,067 - data_processor - INFO - Final data shapes - Users: (46956, 81), Items: (46956, 27), Ratings: (46956, 3)
2025-06-16 11:34:11,067 - recommendation_system - INFO - Data loaded successfully: 46956 users, 46956 items, 46956 ratings
2025-06-16 11:34:11,075 - recommendation_system - INFO - Starting model training...
2025-06-16 11:34:11,139 - recommendation_system - INFO - Model dimensions - Users: 1204, Items: 39, User features: 81, Item features: 27
2025-06-16 11:38:44,406 - recommendation_system - INFO - Training completed. Test RMSE: 0.2188
2025-06-16 11:38:44,850 - recommendation_system - INFO - Model and data saved to dyslexia_model.pth
2025-06-16 11:38:44,857 - recommendation_system - INFO - User 7000 - Existing: False
2025-06-16 11:38:44,912 - recommendation_system - INFO - User 8000 - Existing: False
2025-06-16 11:38:44,964 - recommendation_system - INFO - User 400 - Existing: True
2025-06-16 11:38:44,966 - recommendation_system - INFO - User 400: 24 high-rated items out of 39 total
2025-06-16 11:39:15,528 - recommendation_system - INFO - User 4 - Existing: True
2025-06-16 11:39:15,528 - recommendation_system - INFO - User 4: 29 high-rated items out of 39 total
2025-06-16 11:39:21,896 - recommendation_system - INFO - User 5456 - Existing: False
2025-06-16 11:39:28,892 - recommendation_system - INFO - User 4353 - Existing: False
2025-06-16 11:40:05,000 - data_processor - INFO - Starting data preprocessing...
2025-06-16 11:40:05,006 - data_processor - INFO - Created item data: 39 items
2025-06-16 11:40:05,323 - data_processor - INFO - Created ratings data: 46956 ratings
2025-06-16 11:40:05,333 - data_processor - INFO - Created user data: 1216 users
2025-06-16 11:40:05,764 - data_processor - INFO - Final data shapes - Users: (46956, 81), Items: (46956, 27), Ratings: (46956, 3)
2025-06-16 11:48:28,198 - recommendation_system - INFO - User 100 - Existing: True
2025-06-16 11:48:28,205 - recommendation_system - INFO - User 100: 25 high-rated items out of 39 total
2025-06-16 11:48:33,646 - recommendation_system - INFO - User 100 - Existing: True
2025-06-16 11:48:33,662 - recommendation_system - INFO - User 100: 25 high-rated items out of 39 total
2025-06-16 11:48:34,071 - recommendation_system - INFO - User 100 - Existing: True
2025-06-16 11:48:34,079 - recommendation_system - INFO - User 100: 25 high-rated items out of 39 total
2025-06-16 11:48:58,321 - recommendation_system - INFO - User 9999 - Existing: False
2025-06-16 11:49:04,495 - recommendation_system - INFO - User 9999 - Existing: False
2025-06-16 11:49:09,484 - recommendation_system - INFO - User 9999 - Existing: False
2025-06-16 11:49:23,395 - recommendation_system - INFO - User 9999 - Existing: False
2025-06-16 11:54:43,645 - recommendation_system - INFO - Loading data files...
2025-06-16 11:54:43,785 - data_processor - INFO - Starting data preprocessing...
2025-06-16 11:54:43,799 - data_processor - INFO - Created item data: 39 items
2025-06-16 11:54:44,070 - data_processor - INFO - Created ratings data: 46956 ratings
2025-06-16 11:54:44,081 - data_processor - INFO - Created user data: 1216 users
2025-06-16 11:54:44,536 - data_processor - INFO - Final data shapes - Users: (46956, 81), Items: (46956, 27), Ratings: (46956, 3)
2025-06-16 11:54:44,536 - recommendation_system - INFO - Data loaded successfully: 46956 users, 46956 items, 46956 ratings
2025-06-16 11:57:07,616 - recommendation_system - INFO - Model and data saved to complete_dyslexia_model.pth
2025-06-16 11:57:37,385 - recommendation_system - INFO - User 34 - Existing: True
2025-06-16 11:57:37,388 - recommendation_system - INFO - User 34: 26 high-rated items out of 39 total
2025-06-16 11:58:07,552 - recommendation_system - INFO - User 7000 - Existing: False
2025-06-16 11:58:26,495 - recommendation_system - INFO - User 7000 - Existing: False
2025-06-16 11:59:38,749 - recommendation_system - INFO - Loading data files...
2025-06-16 11:59:38,889 - data_processor - INFO - Starting data preprocessing...
2025-06-16 11:59:38,892 - data_processor - INFO - Created item data: 39 items
2025-06-16 11:59:39,176 - data_processor - INFO - Created ratings data: 46956 ratings
2025-06-16 11:59:39,186 - data_processor - INFO - Created user data: 1216 users
2025-06-16 11:59:39,657 - data_processor - INFO - Final data shapes - Users: (46956, 81), Items: (46956, 27), Ratings: (46956, 3)
2025-06-16 11:59:39,658 - recommendation_system - INFO - Data loaded successfully: 46956 users, 46956 items, 46956 ratings
2025-06-16 12:02:02,450 - recommendation_system - INFO - Model and data saved to complete_dyslexia_model.pth
2025-06-16 12:07:59,894 - recommendation_system - INFO - Loading data files...
2025-06-16 12:08:00,038 - data_processor - INFO - Starting data preprocessing...
2025-06-16 12:08:00,041 - data_processor - INFO - Created item data: 39 items
2025-06-16 12:08:00,363 - data_processor - INFO - Created ratings data: 46956 ratings
2025-06-16 12:08:00,376 - data_processor - INFO - Created user data: 1216 users
2025-06-16 12:08:00,841 - data_processor - INFO - Final data shapes - Users: (46956, 81), Items: (46956, 27), Ratings: (46956, 3)
2025-06-16 12:08:00,842 - recommendation_system - INFO - Data loaded successfully: 46956 users, 46956 items, 46956 ratings
2025-06-16 12:10:23,500 - recommendation_system - INFO - Model and data saved to complete_dyslexia_model.pth
2025-06-16 12:11:48,848 - recommendation_system - INFO - User 7000 - Existing: False
2025-06-16 12:12:03,630 - recommendation_system - INFO - User 7000 - Existing: False
2025-06-16 12:12:21,096 - recommendation_system - INFO - User 7000 - Existing: False
2025-06-16 12:12:29,874 - recommendation_system - INFO - User 7 - Existing: True
2025-06-16 12:12:29,880 - recommendation_system - INFO - User 7: 18 high-rated items out of 39 total
2026-02-23 20:40:56,416 - recommendation_system - INFO - Loading data files...
2026-02-23 20:40:56,502 - data_processor - INFO - Starting data preprocessing...
2026-02-23 20:40:56,509 - data_processor - INFO - Created item data: 39 items
2026-02-23 20:40:56,693 - data_processor - INFO - Created ratings data: 46956 ratings
2026-02-23 20:40:56,702 - data_processor - INFO - Created user data: 1216 users
2026-02-23 20:40:56,926 - data_processor - INFO - Final data shapes - Users: (46956, 81), Items: (46956, 27), Ratings: (46956, 3)
2026-02-23 20:40:56,927 - recommendation_system - INFO - Data loaded successfully: 46956 users, 46956 items, 46956 ratings
2026-02-23 20:42:38,092 - recommendation_system - INFO - Model and data saved to complete_dyslexia_model.pth
2026-02-23 20:43:03,167 - recommendation_system - INFO - User 0 - Existing: True
2026-02-23 20:43:03,169 - recommendation_system - INFO - User 0: 20 high-rated items out of 39 total
2026-02-23 20:43:14,547 - recommendation_system - INFO - User 0 - Existing: True
2026-02-23 20:43:14,550 - recommendation_system - INFO - User 0: 20 high-rated items out of 39 total
2026-02-23 20:43:21,665 - recommendation_system - INFO - User 7000 - Existing: False
2026-02-23 20:45:24,369 - recommendation_system - INFO - Loading data files...
2026-02-23 20:45:24,432 - data_processor - INFO - Starting data preprocessing...
2026-02-23 20:45:24,433 - data_processor - INFO - Created item data: 39 items
2026-02-23 20:45:24,563 - data_processor - INFO - Created ratings data: 46956 ratings
2026-02-23 20:45:24,569 - data_processor - INFO - Created user data: 1216 users
2026-02-23 20:45:24,783 - data_processor - INFO - Final data shapes - Users: (46956, 81), Items: (46956, 27), Ratings: (46956, 3)
2026-02-23 20:45:24,783 - recommendation_system - INFO - Data loaded successfully: 46956 users, 46956 items, 46956 ratings
2026-02-23 20:45:24,785 - hpo - INFO - Starting hyperparameter optimization...
2026-02-23 20:50:23,994 - recommendation_system - INFO - Loading data files...
2026-02-23 20:50:24,027 - data_processor - INFO - Starting data preprocessing...
2026-02-23 20:50:24,034 - data_processor - INFO - Created item data: 39 items
2026-02-23 20:50:24,191 - data_processor - INFO - Created ratings data: 46956 ratings
2026-02-23 20:50:24,197 - data_processor - INFO - Created user data: 1216 users
2026-02-23 20:50:24,443 - data_processor - INFO - Final data shapes - Users: (46956, 81), Items: (46956, 27), Ratings: (46956, 3)
2026-02-23 20:50:24,443 - recommendation_system - INFO - Data loaded successfully: 46956 users, 46956 items, 46956 ratings
2026-02-23 20:50:24,443 - recommendation_system - INFO - Starting model training...
2026-02-23 20:50:24,496 - recommendation_system - INFO - Model dimensions - Users: 1204, Items: 39, User features: 81, Item features: 27
2026-02-23 20:54:56,435 - recommendation_system - INFO - Training completed. Test RMSE: 0.2316
2026-02-23 20:54:56,667 - recommendation_system - INFO - Model and data saved to dyslexia_model.pth
2026-02-23 20:54:56,671 - recommendation_system - INFO - User 7000 - Existing: False
2026-02-23 20:54:56,702 - recommendation_system - INFO - User 8000 - Existing: False
2026-02-23 20:54:56,734 - recommendation_system - INFO - User 400 - Existing: True
2026-02-23 20:54:56,736 - recommendation_system - INFO - User 400: 24 high-rated items out of 39 total
2026-02-23 20:56:48,449 - recommendation_system - INFO - User 34 - Existing: True
2026-02-23 20:56:48,451 - recommendation_system - INFO - User 34: 26 high-rated items out of 39 total
2026-02-23 21:11:27,417 - recommendation_system - INFO - User 5546 - Existing: False
2026-02-23 21:11:37,454 - recommendation_system - INFO - User 6765 - Existing: False
2026-02-24 20:05:43,906 - recommendation_system - INFO - Loading data files...
2026-02-24 20:05:43,981 - data_processor - INFO - Starting data preprocessing...
2026-02-24 20:05:43,991 - data_processor - INFO - Created item data: 39 items
2026-02-24 20:05:44,036 - data_processor - INFO - Created ratings data: 44639 ratings
2026-02-24 20:05:44,045 - data_processor - INFO - Created user data: 1216 users
2026-02-24 20:05:44,258 - data_processor - INFO - Final data shapes - Users: (44639, 81), Items: (44639, 27), Ratings: (44639, 3)
2026-02-24 20:05:44,259 - recommendation_system - INFO - Data loaded successfully: 44639 users, 44639 items, 44639 ratings
2026-02-24 20:05:44,260 - recommendation_system - INFO - Starting model training...
2026-02-24 20:05:44,319 - recommendation_system - INFO - Model dimensions - Users: 1216, Items: 39, User features: 81, Item features: 27
2026-02-24 20:19:34,560 - recommendation_system - INFO - Loading data files...
2026-02-24 20:19:34,598 - data_processor - INFO - Starting data preprocessing...
2026-02-24 20:19:34,599 - data_processor - INFO - Created item data: 39 items
2026-02-24 20:19:34,636 - data_processor - INFO - Created ratings data: 44639 ratings
2026-02-24 20:19:34,643 - data_processor - INFO - Created user data: 1216 users
2026-02-24 20:19:34,814 - data_processor - INFO - Final data shapes - Users: (44639, 81), Items: (44639, 27), Ratings: (44639, 3)
2026-02-24 20:19:34,815 - recommendation_system - INFO - Data loaded successfully: 44639 users, 44639 items, 44639 ratings
2026-02-24 20:19:34,815 - recommendation_system - INFO - Starting model training...
2026-02-24 20:19:34,863 - recommendation_system - INFO - Model dimensions - Users: 1216, Items: 39, User features: 81, Item features: 27
2026-02-24 20:23:07,724 - recommendation_system - INFO - Loading data files...
2026-02-24 20:23:07,755 - data_processor - INFO - Starting data preprocessing...
2026-02-24 20:23:07,756 - data_processor - INFO - Created item data: 39 items
2026-02-24 20:23:07,789 - data_processor - INFO - Created ratings data: 44601 ratings
2026-02-24 20:23:07,793 - data_processor - INFO - Created user data: 1216 users
2026-02-24 20:23:08,012 - data_processor - INFO - Final data shapes - Users: (44601, 81), Items: (44601, 27), Ratings: (44601, 3)
2026-02-24 20:23:08,013 - recommendation_system - INFO - Data loaded successfully: 44601 users, 44601 items, 44601 ratings
2026-02-24 20:23:08,014 - recommendation_system - INFO - Starting model training...
2026-02-24 20:23:08,052 - recommendation_system - INFO - Model dimensions - Users: 1215, Items: 39, User features: 81, Item features: 27
2026-02-24 20:25:06,500 - recommendation_system - INFO - Loading data files...
2026-02-24 20:25:06,530 - data_processor - INFO - Starting data preprocessing...
2026-02-24 20:25:06,531 - data_processor - INFO - Created item data: 39 items
2026-02-24 20:25:06,564 - data_processor - INFO - Created ratings data: 44601 ratings
2026-02-24 20:25:06,569 - data_processor - INFO - Created user data: 1216 users
2026-02-24 20:25:06,783 - data_processor - INFO - Final data shapes - Users: (44601, 81), Items: (44601, 27), Ratings: (44601, 3)
2026-02-24 20:25:06,784 - recommendation_system - INFO - Data loaded successfully: 44601 users, 44601 items, 44601 ratings
2026-02-24 20:25:06,785 - recommendation_system - INFO - Starting model training...
2026-02-24 20:25:06,826 - recommendation_system - INFO - Model dimensions - Users: 1215, Items: 39, User features: 81, Item features: 27
2026-02-24 20:25:37,012 - recommendation_system - INFO - Training completed. Test RMSE: 0.2546
2026-02-24 20:25:37,249 - recommendation_system - INFO - Model and data saved to dyslexia_model.pth
2026-02-24 20:25:37,251 - recommendation_system - INFO - User 7000 - Existing: False
2026-02-24 20:25:37,281 - recommendation_system - ERROR - Cold start inference failed: "['item_id'] not found in axis"
2026-02-24 20:25:37,305 - recommendation_system - INFO - User 8000 - Existing: False
2026-02-24 20:25:37,332 - recommendation_system - ERROR - Cold start inference failed: "['item_id'] not found in axis"
2026-02-24 20:25:37,359 - recommendation_system - INFO - User 400 - Existing: True
2026-02-24 20:25:37,360 - recommendation_system - INFO - User 400: 26 high-rated items out of 35 total
2026-02-24 20:25:37,362 - recommendation_system - INFO - User 400 preferred categories: [('Self-made Study Aids', np.float64(6.5)), ('Text Structuring Tools', np.float64(6.0)), ('Active Reading Markup', np.float64(6.0)), ('Assistive Writing Tools', np.float64(5.5)), ('Personal Reader Support', np.float64(5.5))]
2026-02-24 20:25:38,287 - recommendation_system - INFO - User 400: Found 10 similar users
2026-02-24 20:29:53,274 - recommendation_system - INFO - Loading data files...
2026-02-24 20:29:53,303 - data_processor - INFO - Starting data preprocessing...
2026-02-24 20:29:53,304 - data_processor - INFO - Created item data: 39 items
2026-02-24 20:29:53,337 - data_processor - INFO - Created ratings data: 44601 ratings
2026-02-24 20:29:53,341 - data_processor - INFO - Created user data: 1216 users
2026-02-24 20:29:53,570 - data_processor - INFO - Final data shapes - Users: (44601, 81), Items: (44601, 27), Ratings: (44601, 3)
2026-02-24 20:29:53,571 - recommendation_system - INFO - Data loaded successfully: 44601 users, 44601 items, 44601 ratings
2026-02-24 20:29:53,572 - recommendation_system - INFO - Starting model training...
2026-02-24 20:29:53,610 - recommendation_system - INFO - Model dimensions - Users: 1215, Items: 39, User features: 81, Item features: 27
2026-02-24 20:30:21,038 - recommendation_system - INFO - Training completed. Test RMSE: 0.2590
2026-02-24 20:30:21,296 - recommendation_system - INFO - Model and data saved to dyslexia_model.pth
2026-02-24 20:30:21,299 - recommendation_system - INFO - User 7000 - Existing: False
2026-02-24 20:30:21,332 - recommendation_system - ERROR - Cold start inference failed: "['item_id'] not found in axis"
2026-02-24 20:30:21,358 - recommendation_system - INFO - User 8000 - Existing: False
2026-02-24 20:30:21,387 - recommendation_system - ERROR - Cold start inference failed: "['item_id'] not found in axis"
2026-02-24 20:30:21,412 - recommendation_system - INFO - User 400 - Existing: True
2026-02-24 20:30:21,414 - recommendation_system - INFO - User 400: 26 high-rated items out of 35 total
2026-02-24 20:30:21,416 - recommendation_system - INFO - User 400 preferred categories: [('Self-made Study Aids', np.float64(6.5)), ('Text Structuring Tools', np.float64(6.0)), ('Active Reading Markup', np.float64(6.0)), ('Assistive Writing Tools', np.float64(5.5)), ('Personal Reader Support', np.float64(5.5))]
2026-02-24 20:30:22,364 - recommendation_system - INFO - User 400: Found 10 similar users
2026-02-24 20:33:12,651 - recommendation_system - INFO - Loading data files...
2026-02-24 20:33:12,682 - data_processor - INFO - Starting data preprocessing...
2026-02-24 20:33:12,684 - data_processor - INFO - Created item data: 39 items
2026-02-24 20:33:12,719 - data_processor - INFO - Created ratings data: 44601 ratings
2026-02-24 20:33:12,724 - data_processor - INFO - Created user data: 1216 users
2026-02-24 20:33:12,938 - data_processor - INFO - Final data shapes - Users: (44601, 81), Items: (44601, 27), Ratings: (44601, 3)
2026-02-24 20:33:12,939 - recommendation_system - INFO - Data loaded successfully: 44601 users, 44601 items, 44601 ratings
2026-02-24 20:33:12,940 - recommendation_system - INFO - Starting model training...
2026-02-24 20:33:12,978 - recommendation_system - INFO - Model dimensions - Users: 1215, Items: 39, User features: 81, Item features: 27
2026-02-24 20:33:43,203 - recommendation_system - INFO - Training completed. Test RMSE: 0.2629
2026-02-24 20:33:43,414 - recommendation_system - INFO - Model and data saved to dyslexia_model.pth
2026-02-24 20:33:43,417 - recommendation_system - INFO - User 7000 - Existing: False
2026-02-24 20:33:43,477 - recommendation_system - ERROR - Cold start inference failed: Sizes of tensors must match except in dimension 1. Expected size 39 but got size 44601 for tensor number 1 in the list.
2026-02-24 20:33:43,518 - recommendation_system - INFO - User 8000 - Existing: False
2026-02-24 20:33:43,567 - recommendation_system - ERROR - Cold start inference failed: Sizes of tensors must match except in dimension 1. Expected size 39 but got size 44601 for tensor number 1 in the list.
2026-02-24 20:33:43,606 - recommendation_system - INFO - User 400 - Existing: True
2026-02-24 20:33:43,607 - recommendation_system - INFO - User 400: 26 high-rated items out of 35 total
2026-02-24 20:33:43,610 - recommendation_system - INFO - User 400 preferred categories: [('Self-made Study Aids', np.float64(6.5)), ('Text Structuring Tools', np.float64(6.0)), ('Active Reading Markup', np.float64(6.0)), ('Assistive Writing Tools', np.float64(5.5)), ('Personal Reader Support', np.float64(5.5))]
2026-02-24 20:33:44,783 - recommendation_system - INFO - User 400: Found 10 similar users
2026-02-24 20:37:28,128 - recommendation_system - INFO - Loading data files...
2026-02-24 20:37:28,159 - data_processor - INFO - Starting data preprocessing...
2026-02-24 20:37:28,161 - data_processor - INFO - Created item data: 39 items
2026-02-24 20:37:28,192 - data_processor - INFO - Created ratings data: 44601 ratings
2026-02-24 20:37:28,200 - data_processor - INFO - Created user data: 1216 users
2026-02-24 20:37:28,415 - data_processor - INFO - Final data shapes - Users: (44601, 81), Items: (44601, 27), Ratings: (44601, 3)
2026-02-24 20:37:28,415 - recommendation_system - INFO - Data loaded successfully: 44601 users, 44601 items, 44601 ratings
2026-02-24 20:37:28,416 - recommendation_system - INFO - Starting model training...
2026-02-24 20:37:28,456 - recommendation_system - INFO - Model dimensions - Users: 1215, Items: 39, User features: 81, Item features: 27
2026-02-24 20:37:52,401 - recommendation_system - INFO - Training completed. Test RMSE: 0.2618
2026-02-24 20:37:52,613 - recommendation_system - INFO - Model and data saved to dyslexia_model.pth
2026-02-24 20:37:52,616 - recommendation_system - INFO - User 7000 - Existing: False
2026-02-24 20:37:52,647 - recommendation_system - INFO - User 8000 - Existing: False
2026-02-24 20:37:52,700 - recommendation_system - INFO - User 400 - Existing: True
2026-02-24 20:37:52,700 - recommendation_system - INFO - User 400: 26 high-rated items out of 35 total
2026-02-24 20:37:52,703 - recommendation_system - INFO - User 400 preferred categories: [('Self-made Study Aids', np.float64(6.5)), ('Text Structuring Tools', np.float64(6.0)), ('Active Reading Markup', np.float64(6.0)), ('Assistive Writing Tools', np.float64(5.5)), ('Personal Reader Support', np.float64(5.5))]
2026-02-24 20:37:53,675 - recommendation_system - INFO - User 400: Found 10 similar users
2026-02-24 20:43:27,215 - recommendation_system - INFO - Loading data files...
2026-02-24 20:43:27,242 - data_processor - INFO - Starting data preprocessing...
2026-02-24 20:43:27,244 - data_processor - INFO - Created item data: 39 items
2026-02-24 20:43:27,277 - data_processor - INFO - Created ratings data: 44601 ratings
2026-02-24 20:43:27,282 - data_processor - INFO - Created user data: 1216 users
2026-02-24 20:43:27,511 - data_processor - INFO - Final data shapes - Users: (44601, 81), Items: (44601, 27), Ratings: (44601, 3)
2026-02-24 20:43:27,511 - recommendation_system - INFO - Data loaded successfully: 44601 users, 44601 items, 44601 ratings
2026-02-24 20:43:27,513 - recommendation_system - INFO - Starting model training...
2026-02-24 20:43:27,553 - recommendation_system - INFO - Model dimensions - Users: 1215, Items: 39, User features: 81, Item features: 27
2026-02-24 20:44:05,784 - recommendation_system - INFO - Training completed. Test RMSE: 0.2587
2026-02-24 20:44:06,069 - recommendation_system - INFO - Model and data saved to dyslexia_model.pth
2026-02-24 20:44:06,072 - recommendation_system - INFO - User 7000 - Existing: False
2026-02-24 20:44:06,106 - recommendation_system - INFO - User 8000 - Existing: False
2026-02-24 20:44:06,153 - recommendation_system - INFO - User 400 - Existing: True
2026-02-24 20:44:06,154 - recommendation_system - INFO - User 400: 26 high-rated items out of 35 total
2026-02-24 20:44:06,157 - recommendation_system - INFO - User 400 preferred categories: [('Self-made Study Aids', np.float64(6.5)), ('Text Structuring Tools', np.float64(6.0)), ('Active Reading Markup', np.float64(6.0)), ('Assistive Writing Tools', np.float64(5.5)), ('Personal Reader Support', np.float64(5.5))]
2026-02-24 20:44:07,070 - recommendation_system - INFO - User 400: Found 10 similar users
2026-02-24 20:55:40,270 - recommendation_system - INFO - User 34 - Existing: True
2026-02-24 20:55:40,271 - recommendation_system - INFO - User 34: 20 high-rated items out of 31 total
2026-02-24 20:55:40,273 - recommendation_system - INFO - User 34 preferred categories: [('Pre-made Visual Aids', np.float64(6.5)), ('Visual Memory Aids', np.float64(6.0)), ('Peer Association', np.float64(5.5)), ('Self-made Study Aids', np.float64(5.2)), ('Text Structuring Tools', np.float64(4.8))]
2026-02-24 20:55:40,996 - recommendation_system - INFO - User 34: Found 10 similar users
2026-02-24 20:55:55,388 - recommendation_system - INFO - User 5675 - Existing: False
2026-02-24 20:56:15,506 - recommendation_system - INFO - User 4355 - Existing: False
2026-02-24 20:56:43,832 - recommendation_system - INFO - Loading data files...
2026-02-24 20:56:43,863 - data_processor - INFO - Starting data preprocessing...
2026-02-24 20:56:43,864 - data_processor - INFO - Created item data: 39 items
2026-02-24 20:56:43,911 - data_processor - INFO - Created ratings data: 44601 ratings
2026-02-24 20:56:43,918 - data_processor - INFO - Created user data: 1216 users
2026-02-24 20:56:44,138 - data_processor - INFO - Final data shapes - Users: (44601, 81), Items: (44601, 27), Ratings: (44601, 3)
2026-02-24 20:56:44,138 - recommendation_system - INFO - Data loaded successfully: 44601 users, 44601 items, 44601 ratings
2026-02-24 20:56:44,139 - recommendation_system - INFO - Starting model training...
2026-02-24 20:56:44,176 - recommendation_system - INFO - Model dimensions - Users: 1215, Items: 39, User features: 81, Item features: 27
2026-02-24 20:57:08,415 - recommendation_system - INFO - Training completed. Test RMSE: 0.2558
2026-02-24 20:57:08,661 - recommendation_system - INFO - Model and data saved to dyslexia_model.pth
2026-02-24 20:57:08,662 - recommendation_system - INFO - User 7000 - Existing: False
2026-02-24 20:57:08,696 - recommendation_system - INFO - User 8000 - Existing: False
2026-02-24 20:57:08,740 - recommendation_system - INFO - User 400 - Existing: True
2026-02-24 20:57:08,742 - recommendation_system - INFO - User 400: 26 high-rated items out of 35 total
2026-02-24 20:57:08,744 - recommendation_system - INFO - User 400 preferred categories: [('Self-made Study Aids', np.float64(6.5)), ('Text Structuring Tools', np.float64(6.0)), ('Active Reading Markup', np.float64(6.0)), ('Assistive Writing Tools', np.float64(5.5)), ('Personal Reader Support', np.float64(5.5))]
2026-02-24 20:57:09,662 - recommendation_system - INFO - User 400: Found 10 similar users
2026-02-24 20:58:03,049 - recommendation_system - INFO - User 34 - Existing: True
2026-02-24 20:58:03,050 - recommendation_system - INFO - User 34: 20 high-rated items out of 31 total
2026-02-24 20:58:03,052 - recommendation_system - INFO - User 34 preferred categories: [('Pre-made Visual Aids', np.float64(6.5)), ('Visual Memory Aids', np.float64(6.0)), ('Peer Association', np.float64(5.5)), ('Self-made Study Aids', np.float64(5.2)), ('Text Structuring Tools', np.float64(4.8))]
2026-02-24 20:58:03,772 - recommendation_system - INFO - User 34: Found 10 similar users
2026-02-24 21:00:16,284 - recommendation_system - INFO - Loading data files...
2026-02-24 21:00:16,315 - data_processor - INFO - Starting data preprocessing...
2026-02-24 21:00:16,317 - data_processor - INFO - Created item data: 39 items
2026-02-24 21:00:16,351 - data_processor - INFO - Created ratings data: 44601 ratings
2026-02-24 21:00:16,357 - data_processor - INFO - Created user data: 1216 users
2026-02-24 21:00:16,575 - data_processor - INFO - Final data shapes - Users: (44601, 81), Items: (44601, 27), Ratings: (44601, 3)
2026-02-24 21:00:16,576 - recommendation_system - INFO - Data loaded successfully: 44601 users, 44601 items, 44601 ratings
2026-02-24 21:00:16,577 - recommendation_system - INFO - Starting model training...
2026-02-24 21:00:16,614 - recommendation_system - INFO - Model dimensions - Users: 1215, Items: 39, User features: 81, Item features: 27
2026-02-24 21:00:41,828 - recommendation_system - INFO - Training completed. Test RMSE: 0.2549
2026-02-24 21:00:42,062 - recommendation_system - INFO - Model and data saved to dyslexia_model.pth
2026-02-24 21:00:42,065 - recommendation_system - INFO - User 7000 - Existing: False
2026-02-24 21:00:42,097 - recommendation_system - INFO - User 8000 - Existing: False
2026-02-24 21:00:42,148 - recommendation_system - INFO - User 400 - Existing: True
2026-02-24 21:00:42,150 - recommendation_system - INFO - User 400: 26 high-rated items out of 35 total
2026-02-24 21:00:42,152 - recommendation_system - INFO - User 400 preferred categories: [('Self-made Study Aids', np.float64(6.5)), ('Text Structuring Tools', np.float64(6.0)), ('Active Reading Markup', np.float64(6.0)), ('Assistive Writing Tools', np.float64(5.5)), ('Personal Reader Support', np.float64(5.5))]
2026-02-24 21:00:43,073 - recommendation_system - INFO - User 400: Found 10 similar users
2026-02-24 21:00:50,400 - recommendation_system - INFO - User 34 - Existing: True
2026-02-24 21:00:50,402 - recommendation_system - INFO - User 34: 20 high-rated items out of 31 total
2026-02-24 21:00:50,403 - recommendation_system - INFO - User 34 preferred categories: [('Pre-made Visual Aids', np.float64(6.5)), ('Visual Memory Aids', np.float64(6.0)), ('Peer Association', np.float64(5.5)), ('Self-made Study Aids', np.float64(5.2)), ('Text Structuring Tools', np.float64(4.8))]
2026-02-24 21:00:51,163 - recommendation_system - INFO - User 34: Found 10 similar users
2026-02-24 21:06:07,761 - recommendation_system - INFO - Loading data files...
2026-02-24 21:06:07,791 - data_processor - INFO - Starting data preprocessing...
2026-02-24 21:06:07,793 - data_processor - INFO - Created item data: 39 items
2026-02-24 21:06:07,827 - data_processor - INFO - Created ratings data: 44601 ratings
2026-02-24 21:06:07,834 - data_processor - INFO - Created user data: 1216 users
2026-02-24 21:06:08,048 - data_processor - INFO - Final data shapes - Users: (44601, 81), Items: (44601, 27), Ratings: (44601, 3)
2026-02-24 21:06:08,049 - recommendation_system - INFO - Data loaded successfully: 44601 users, 44601 items, 44601 ratings
2026-02-24 21:06:08,050 - recommendation_system - INFO - Starting model training...
2026-02-24 21:06:08,087 - recommendation_system - INFO - Model dimensions - Users: 1215, Items: 39, User features: 81, Item features: 27
2026-02-24 21:07:36,060 - recommendation_system - INFO - Loading data files...
2026-02-24 21:07:36,091 - data_processor - INFO - Starting data preprocessing...
2026-02-24 21:07:36,092 - data_processor - INFO - Created item data: 39 items
2026-02-24 21:07:36,126 - data_processor - INFO - Created ratings data: 44601 ratings
2026-02-24 21:07:36,132 - data_processor - INFO - Created user data: 1216 users
2026-02-24 21:07:36,354 - data_processor - INFO - Final data shapes - Users: (44601, 81), Items: (44601, 27), Ratings: (44601, 3)
2026-02-24 21:07:36,355 - recommendation_system - INFO - Data loaded successfully: 44601 users, 44601 items, 44601 ratings
2026-02-24 21:07:36,355 - recommendation_system - INFO - Starting model training...
2026-02-24 21:07:36,393 - recommendation_system - INFO - Model dimensions - Users: 1215, Items: 39, User features: 81, Item features: 27
2026-02-24 21:08:17,542 - recommendation_system - INFO - Loading data files...
2026-02-24 21:08:17,569 - data_processor - INFO - Starting data preprocessing...
2026-02-24 21:08:17,572 - data_processor - INFO - Created item data: 39 items
2026-02-24 21:08:17,604 - data_processor - INFO - Created ratings data: 44601 ratings
2026-02-24 21:08:17,610 - data_processor - INFO - Created user data: 1216 users
2026-02-24 21:08:17,825 - data_processor - INFO - Final data shapes - Users: (44601, 81), Items: (44601, 27), Ratings: (44601, 3)
2026-02-24 21:08:17,825 - recommendation_system - INFO - Data loaded successfully: 44601 users, 44601 items, 44601 ratings
2026-02-24 21:08:17,826 - recommendation_system - INFO - Starting model training...
2026-02-24 21:08:17,864 - recommendation_system - INFO - Model dimensions - Users: 1215, Items: 39, User features: 81, Item features: 27
2026-02-24 21:10:01,943 - recommendation_system - INFO - Loading data files...
2026-02-24 21:10:01,971 - data_processor - INFO - Starting data preprocessing...
2026-02-24 21:10:01,973 - data_processor - INFO - Created item data: 39 items
2026-02-24 21:10:02,006 - data_processor - INFO - Created ratings data: 44601 ratings
2026-02-24 21:10:02,011 - data_processor - INFO - Created user data: 1216 users
2026-02-24 21:10:02,233 - data_processor - INFO - Final data shapes - Users: (44601, 81), Items: (44601, 27), Ratings: (44601, 3)
2026-02-24 21:10:02,234 - recommendation_system - INFO - Data loaded successfully: 44601 users, 44601 items, 44601 ratings
2026-02-24 21:10:02,235 - recommendation_system - INFO - Starting model training...
2026-02-24 21:10:02,275 - recommendation_system - INFO - Model dimensions - Users: 1215, Items: 39, User features: 81, Item features: 27
2026-02-24 21:10:39,110 - recommendation_system - INFO - Training completed. Test RMSE: 0.2570
2026-02-24 21:10:39,297 - recommendation_system - INFO - Model and data saved to dyslexia_model.pth
2026-02-24 21:10:39,300 - recommendation_system - INFO - User 7000 - Existing: False
2026-02-24 21:10:39,331 - recommendation_system - INFO - User 8000 - Existing: False
2026-02-24 21:10:39,376 - recommendation_system - INFO - User 400 - Existing: True
2026-02-24 21:10:39,377 - recommendation_system - INFO - User 400: 26 high-rated items out of 35 total
2026-02-24 21:10:39,379 - recommendation_system - INFO - User 400 preferred categories: [('Self-made Study Aids', np.float64(6.5)), ('Text Structuring Tools', np.float64(6.0)), ('Active Reading Markup', np.float64(6.0)), ('Assistive Writing Tools', np.float64(5.5)), ('Personal Reader Support', np.float64(5.5))]
2026-02-24 21:10:40,288 - recommendation_system - INFO - User 400: Found 10 similar users
2026-02-24 21:11:49,724 - recommendation_system - INFO - User 35 - Existing: True
2026-02-24 21:11:49,726 - recommendation_system - INFO - User 35: 19 high-rated items out of 32 total
2026-02-24 21:11:49,727 - recommendation_system - INFO - User 35 preferred categories: [('Multimedia Lesson Recording', np.float64(6.5)), ('Self-made Study Aids', np.float64(6.5)), ('Classroom Support Aids', np.float64(6.0)), ('Repetition Strategy', np.float64(5.5)), ('Active Reading Markup', np.float64(5.5))]
2026-02-24 21:11:50,407 - recommendation_system - INFO - User 35: Found 10 similar users
2026-02-24 21:11:58,941 - recommendation_system - INFO - User 4655 - Existing: False
2026-02-24 21:12:04,690 - recommendation_system - INFO - User 6755 - Existing: False
2026-02-24 21:41:26,574 - recommendation_system - INFO - Loading data files...
2026-02-24 21:41:26,606 - data_processor - INFO - Starting data preprocessing...
2026-02-24 21:41:26,607 - data_processor - INFO - Created item data: 39 items
2026-02-24 21:41:26,645 - data_processor - INFO - Created ratings data: 40034 ratings
2026-02-24 21:41:26,663 - data_processor - INFO - Created user data: 1216 users
2026-02-24 21:41:26,672 - recommendation_system - ERROR - Error loading data: 'category'
2026-02-24 21:43:31,849 - recommendation_system - INFO - Loading data files...
2026-02-24 21:43:31,906 - data_processor - INFO - Starting data preprocessing...
2026-02-24 21:43:31,908 - data_processor - INFO - Created item data: 39 items
2026-02-24 21:43:31,943 - data_processor - INFO - Created ratings data: 40034 ratings
2026-02-24 21:43:31,953 - data_processor - INFO - Created user data: 1216 users
2026-02-24 21:43:32,214 - data_processor - INFO - Final data shapes - Users: (40034, 93), Items: (40034, 27), Ratings: (40034, 3)
2026-02-24 21:43:32,214 - recommendation_system - INFO - Data loaded successfully: 40034 users, 40034 items, 40034 ratings
2026-02-24 21:43:32,215 - recommendation_system - INFO - Starting model training...
2026-02-24 21:43:32,253 - recommendation_system - INFO - Model dimensions - Users: 1215, Items: 39, User features: 93, Item features: 27
2026-02-24 21:44:01,337 - recommendation_system - INFO - Training completed. Test RMSE: 0.2119
2026-02-24 21:44:01,567 - recommendation_system - INFO - Model and data saved to dyslexia_model.pth
2026-02-24 21:44:01,569 - recommendation_system - INFO - User 7000 - Existing: False
2026-02-24 21:44:01,607 - recommendation_system - INFO - User 8000 - Existing: False
2026-02-24 21:44:01,666 - recommendation_system - INFO - User 400 - Existing: True
2026-02-24 21:44:01,668 - recommendation_system - INFO - User 400: 13 high-rated items out of 29 total
2026-02-24 21:44:01,669 - recommendation_system - INFO - User 400 preferred categories: [('Self-made Study Aids', np.float64(6.5)), ('Text Structuring Tools', np.float64(6.0)), ('Active Reading Markup', np.float64(6.0)), ('Assistive Writing Tools', np.float64(5.5)), ('Personal Reader Support', np.float64(5.5))]
2026-02-24 21:44:02,185 - recommendation_system - INFO - User 400: Found 10 similar users
2026-02-24 21:46:29,232 - recommendation_system - INFO - User 45 - Existing: True
2026-02-24 21:46:29,234 - recommendation_system - INFO - User 45: 28 high-rated items out of 38 total
2026-02-24 21:46:29,235 - recommendation_system - INFO - User 45 preferred categories: [('Digital Tutor', np.float64(5.5)), ('Supplementary Research', np.float64(5.5)), ('Classroom Support Aids', np.float64(5.5)), ('Assessment Adaptation', np.float64(5.5)), ('Written Assessment', np.float64(5.5))]
2026-02-24 21:46:30,180 - recommendation_system - INFO - User 45: Found 10 similar users
2026-02-24 21:46:48,717 - recommendation_system - INFO - User 5654 - Existing: False
2026-02-24 21:46:58,329 - recommendation_system - INFO - User 5678 - Existing: False
2026-02-24 21:49:09,251 - recommendation_system - INFO - Loading data files...
2026-02-24 21:49:09,283 - data_processor - INFO - Starting data preprocessing...
2026-02-24 21:49:09,284 - data_processor - INFO - Created item data: 39 items
2026-02-24 21:49:09,327 - data_processor - INFO - Created ratings data: 40034 ratings
2026-02-24 21:49:09,338 - data_processor - INFO - Created user data: 1216 users
2026-02-24 21:49:09,565 - data_processor - INFO - Final data shapes - Users: (40034, 93), Items: (40034, 27), Ratings: (40034, 3)
2026-02-24 21:49:09,566 - recommendation_system - INFO - Data loaded successfully: 40034 users, 40034 items, 40034 ratings
2026-02-24 21:49:09,567 - recommendation_system - INFO - Starting model training...
2026-02-24 21:49:09,604 - recommendation_system - INFO - Model dimensions - Users: 1215, Items: 39, User features: 93, Item features: 27
2026-02-24 21:49:34,747 - recommendation_system - INFO - Training completed. Test RMSE: 0.2157
2026-02-24 21:49:34,967 - recommendation_system - INFO - Model and data saved to dyslexia_model.pth
2026-02-24 21:49:34,969 - recommendation_system - INFO - User 7000 - Existing: False
2026-02-24 21:49:35,033 - recommendation_system - INFO - User 8000 - Existing: False
2026-02-24 21:49:35,110 - recommendation_system - INFO - User 400 - Existing: True
2026-02-24 21:49:35,113 - recommendation_system - INFO - User 400: 13 high-rated items out of 29 total
2026-02-24 21:49:35,117 - recommendation_system - INFO - User 400 preferred categories: [('Self-made Study Aids', np.float64(6.5)), ('Text Structuring Tools', np.float64(6.0)), ('Active Reading Markup', np.float64(6.0)), ('Assistive Writing Tools', np.float64(5.5)), ('Personal Reader Support', np.float64(5.5))]
2026-02-24 21:49:35,781 - recommendation_system - INFO - User 400: Found 10 similar users
2026-02-24 21:53:20,230 - recommendation_system - INFO - User 23 - Existing: True
2026-02-24 21:53:20,232 - recommendation_system - INFO - User 23: 19 high-rated items out of 28 total
2026-02-24 21:53:20,234 - recommendation_system - INFO - User 23 preferred categories: [('Visual Memory Aids', np.float64(6.0)), ('Classroom Support Aids', np.float64(6.0)), ('Color-Coded Text', np.float64(5.5)), ('Assistive Writing Tools', np.float64(5.5)), ('Text Structuring Tools', np.float64(5.5))]
2026-02-24 21:53:20,885 - recommendation_system - INFO - User 23: Found 10 similar users
2026-02-24 21:53:25,405 - recommendation_system - INFO - User 6887 - Existing: False
2026-02-24 21:53:34,898 - recommendation_system - INFO - User 6887 - Existing: False
2026-02-24 22:02:43,754 - recommendation_system - INFO - Loading data files...
2026-02-24 22:02:43,785 - data_processor - INFO - Starting data preprocessing...
2026-02-24 22:02:43,786 - data_processor - INFO - Created item data: 39 items
2026-02-24 22:02:43,822 - data_processor - INFO - Created ratings data: 40034 ratings
2026-02-24 22:02:43,832 - data_processor - INFO - Created user data: 1216 users
2026-02-24 22:02:44,088 - data_processor - INFO - Final data shapes - Users: (40034, 93), Items: (40034, 27), Ratings: (40034, 3)
2026-02-24 22:02:44,089 - recommendation_system - INFO - Data loaded successfully: 40034 users, 40034 items, 40034 ratings
2026-02-24 22:02:44,089 - recommendation_system - INFO - Starting model training...
2026-02-24 22:02:44,090 - data_processor - INFO - Generating Leave-One-Out (LOO) splits & Negative Samples...
2026-02-24 22:05:32,694 - recommendation_system - INFO - Loading data files...
2026-02-24 22:05:32,783 - data_processor - INFO - Starting data preprocessing...
2026-02-24 22:05:32,785 - data_processor - INFO - Created item data: 39 items
2026-02-24 22:05:32,847 - data_processor - INFO - Created ratings data: 40034 ratings
2026-02-24 22:05:32,860 - data_processor - INFO - Created user data: 1216 users
2026-02-24 22:05:33,211 - data_processor - INFO - Final data shapes - Users: (40034, 93), Items: (40034, 27), Ratings: (40034, 3)
2026-02-24 22:05:33,212 - recommendation_system - INFO - Data loaded successfully: 40034 users, 40034 items, 40034 ratings
2026-02-24 22:05:33,213 - recommendation_system - INFO - Starting model training...
2026-02-24 22:05:33,214 - data_processor - INFO - Generating Leave-One-Out (LOO) splits & Negative Samples...
2026-02-24 22:11:39,969 - recommendation_system - INFO - Loading data files...
2026-02-24 22:11:40,001 - data_processor - INFO - Starting data preprocessing...
2026-02-24 22:11:40,002 - data_processor - INFO - Created item data: 39 items
2026-02-24 22:11:40,043 - data_processor - INFO - Created ratings data: 40034 ratings
2026-02-24 22:11:40,053 - data_processor - INFO - Created user data: 1216 users
2026-02-24 22:11:40,291 - data_processor - INFO - Final data shapes - Users: (40034, 93), Items: (40034, 27), Ratings: (40034, 3)
2026-02-24 22:11:40,291 - recommendation_system - INFO - Data loaded successfully: 40034 users, 40034 items, 40034 ratings
2026-02-24 22:11:40,292 - recommendation_system - INFO - Starting model training...
2026-02-24 22:11:40,294 - data_processor - INFO - Generating Leave-One-Out (LOO) splits & Negative Samples...
2026-02-24 22:13:10,877 - recommendation_system - INFO - Loading data files...
2026-02-24 22:13:10,922 - data_processor - INFO - Starting data preprocessing...
2026-02-24 22:13:10,923 - data_processor - INFO - Created item data: 39 items
2026-02-24 22:13:10,984 - data_processor - INFO - Created ratings data: 40034 ratings
2026-02-24 22:13:10,998 - data_processor - INFO - Created user data: 1216 users
2026-02-24 22:13:11,309 - data_processor - INFO - Final data shapes - Users: (40034, 93), Items: (40034, 27), Ratings: (40034, 3)
2026-02-24 22:13:11,310 - recommendation_system - INFO - Data loaded successfully: 40034 users, 40034 items, 40034 ratings
2026-02-24 22:13:11,311 - recommendation_system - INFO - Starting model training...
2026-02-24 22:13:11,312 - data_processor - INFO - Generating Leave-One-Out (LOO) splits & Negative Samples...
2026-02-24 22:13:11,570 - recommendation_system - INFO - Model dimensions - Users: 1215, Items: 39, User features: 93, Item features: 27
2026-02-24 22:14:48,548 - recommendation_system - INFO - Training completed. Test RMSE: 0.2277
2026-02-24 22:14:48,775 - recommendation_system - INFO - Model and data saved to dyslexia_model.pth
2026-02-24 22:14:48,777 - recommendation_system - INFO - User 7000 - Existing: False
2026-02-24 22:14:48,819 - recommendation_system - INFO - User 8000 - Existing: False
2026-02-24 22:14:48,888 - recommendation_system - INFO - User 400 - Existing: True
2026-02-24 22:14:48,889 - recommendation_system - INFO - User 400: 13 high-rated items out of 29 total
2026-02-24 22:14:48,891 - recommendation_system - INFO - User 400 preferred categories: [('Self-made Study Aids', np.float64(6.5)), ('Text Structuring Tools', np.float64(6.0)), ('Active Reading Markup', np.float64(6.0)), ('Assistive Writing Tools', np.float64(5.5)), ('Personal Reader Support', np.float64(5.5))]
2026-02-24 22:14:49,490 - recommendation_system - INFO - User 400: Found 10 similar users
2026-03-07 02:10:31,478 - recommendation_system - INFO - Loading data files...
2026-03-07 02:10:31,589 - data_processor - INFO - Starting data preprocessing...
2026-03-07 02:10:31,591 - data_processor - INFO - Created item data: 39 items
2026-03-07 02:10:31,663 - data_processor - INFO - Created ratings data: 40034 ratings
2026-03-07 02:10:31,683 - data_processor - INFO - Created user data: 1216 users
2026-03-07 02:10:32,118 - data_processor - INFO - Final data shapes - Users: (40034, 93), Items: (40034, 27), Ratings: (40034, 3)
2026-03-07 02:10:32,118 - recommendation_system - INFO - Data loaded successfully: 40034 users, 40034 items, 40034 ratings
2026-03-07 02:10:32,120 - recommendation_system - INFO - Starting model training...
2026-03-07 02:10:32,122 - data_processor - INFO - Generating Leave-One-Out (LOO) splits & Negative Samples...
2026-03-07 02:10:32,504 - recommendation_system - INFO - Model dimensions - Users: 1215, Items: 39, User features: 93, Item features: 27
2026-03-07 02:11:56,802 - recommendation_system - INFO - Training completed. Test RMSE: 0.2131
2026-03-07 02:11:57,039 - recommendation_system - INFO - Model and data saved to dyslexia_model.pth
2026-03-07 02:11:57,048 - recommendation_system - INFO - User 7000 - Existing: False
2026-03-07 02:11:57,095 - recommendation_system - INFO - User 8000 - Existing: False
2026-03-07 02:11:57,165 - recommendation_system - INFO - User 400 - Existing: True
2026-03-07 02:11:57,167 - recommendation_system - INFO - User 400: 13 high-rated items out of 29 total
2026-03-07 02:11:57,167 - recommendation_system - INFO - User 400 preferred categories: [('Self-made Study Aids', np.float64(6.5)), ('Text Structuring Tools', np.float64(6.0)), ('Active Reading Markup', np.float64(6.0)), ('Assistive Writing Tools', np.float64(5.5)), ('Personal Reader Support', np.float64(5.5))]
2026-03-07 02:11:57,782 - recommendation_system - INFO - User 400: Found 10 similar users
2026-03-07 10:48:12,156 - recommendation_system - INFO - Loading data files...
2026-03-07 10:48:12,273 - data_processor - INFO - Starting data preprocessing...
2026-03-07 10:48:12,286 - data_processor - INFO - Created item data: 39 items
2026-03-07 10:48:12,365 - data_processor - INFO - Created ratings data: 40034 ratings
2026-03-07 10:48:12,383 - data_processor - INFO - Created user data: 1216 users
2026-03-07 10:48:12,716 - data_processor - INFO - Final data shapes - Users: (40034, 93), Items: (40034, 27), Ratings: (40034, 3)
2026-03-07 10:48:12,716 - recommendation_system - INFO - Data loaded successfully: 40034 users, 40034 items, 40034 ratings
2026-03-07 10:48:12,716 - recommendation_system - INFO - Starting model training...
2026-03-07 10:48:12,716 - data_processor - INFO - Generating Leave-One-Out (LOO) splits & Negative Samples...
2026-03-07 10:48:13,014 - recommendation_system - INFO - Model dimensions - Users: 1215, Items: 39, User features: 93, Item features: 27
2026-03-07 10:49:47,301 - recommendation_system - INFO - Training completed. Test RMSE: 0.2090
2026-03-07 10:49:47,605 - recommendation_system - INFO - Model and data saved to dyslexia_model.pth
2026-03-07 10:49:47,607 - recommendation_system - INFO - User 7000 - Existing: False
2026-03-07 10:49:47,655 - recommendation_system - INFO - User 8000 - Existing: False
2026-03-07 10:49:47,813 - recommendation_system - INFO - User 400 - Existing: True
2026-03-07 10:49:47,817 - recommendation_system - INFO - User 400: 13 high-rated items out of 29 total
2026-03-07 10:49:47,820 - recommendation_system - INFO - User 400 preferred categories: [('Self-made Study Aids', np.float64(6.5)), ('Text Structuring Tools', np.float64(6.0)), ('Active Reading Markup', np.float64(6.0)), ('Assistive Writing Tools', np.float64(5.5)), ('Personal Reader Support', np.float64(5.5))]
2026-03-07 10:49:48,496 - recommendation_system - INFO - User 400: Found 10 similar users
2026-03-08 15:51:47,544 - recommendation_system - INFO - Loading data files...
2026-03-08 15:51:47,645 - data_processor - INFO - Starting data preprocessing...
2026-03-08 15:51:47,647 - data_processor - INFO - Created item data: 39 items
2026-03-08 15:51:47,733 - data_processor - INFO - Created ratings data: 40034 ratings
2026-03-08 15:51:47,759 - data_processor - INFO - Created user data: 1216 users
2026-03-08 15:51:48,243 - data_processor - INFO - Final data shapes - Users: (40034, 93), Items: (40034, 27), Ratings: (40034, 3)
2026-03-08 15:51:48,243 - recommendation_system - INFO - Data loaded successfully: 40034 users, 40034 items, 40034 ratings
2026-03-08 15:54:42,794 - recommendation_system - INFO - Loading data files...
2026-03-08 15:54:42,837 - data_processor - INFO - Starting data preprocessing...
2026-03-08 15:54:42,837 - data_processor - INFO - Created item data: 39 items
2026-03-08 15:54:42,884 - data_processor - INFO - Created ratings data: 40034 ratings
2026-03-08 15:54:42,900 - data_processor - INFO - Created user data: 1216 users
2026-03-08 15:54:43,216 - data_processor - INFO - Final data shapes - Users: (40034, 93), Items: (40034, 27), Ratings: (40034, 3)
2026-03-08 15:54:43,216 - recommendation_system - INFO - Data loaded successfully: 40034 users, 40034 items, 40034 ratings
2026-03-08 15:54:43,232 - recommendation_system - INFO - Starting model training...
2026-03-08 15:54:43,232 - data_processor - INFO - Generating Leave-One-Out (LOO) splits & Negative Samples...
2026-03-08 15:56:34,789 - recommendation_system - INFO - Loading data files...
2026-03-08 15:56:34,840 - data_processor - INFO - Starting data preprocessing...
2026-03-08 15:56:34,845 - data_processor - INFO - Created item data: 39 items
2026-03-08 15:56:34,913 - data_processor - INFO - Created ratings data: 40034 ratings
2026-03-08 15:56:34,918 - data_processor - INFO - Created user data: 1216 users
2026-03-08 15:56:35,305 - data_processor - INFO - Final data shapes - Users: (40034, 93), Items: (40034, 27), Ratings: (40034, 3)
2026-03-08 15:56:35,305 - recommendation_system - INFO - Data loaded successfully: 40034 users, 40034 items, 40034 ratings
2026-03-08 15:56:35,305 - recommendation_system - INFO - Starting model training...
2026-03-08 15:56:35,305 - data_processor - INFO - Generating Leave-One-Out (LOO) splits & Negative Samples...
2026-03-08 15:57:47,418 - recommendation_system - INFO - Loading data files...
2026-03-08 15:57:47,468 - data_processor - INFO - Starting data preprocessing...
2026-03-08 15:57:47,468 - data_processor - INFO - Created item data: 39 items
2026-03-08 15:57:47,539 - data_processor - INFO - Created ratings data: 40034 ratings
2026-03-08 15:57:47,555 - data_processor - INFO - Created user data: 1216 users
2026-03-08 15:57:47,956 - data_processor - INFO - Final data shapes - Users: (40034, 93), Items: (40034, 27), Ratings: (40034, 3)
2026-03-08 15:57:47,956 - recommendation_system - INFO - Data loaded successfully: 40034 users, 40034 items, 40034 ratings
2026-03-08 15:57:47,956 - recommendation_system - INFO - Starting model training...
2026-03-08 15:57:47,956 - data_processor - INFO - Generating Leave-One-Out (LOO) splits & Negative Samples...
2026-03-08 15:58:28,751 - recommendation_system - INFO - Loading data files...
2026-03-08 15:58:28,801 - data_processor - INFO - Starting data preprocessing...
2026-03-08 15:58:28,806 - data_processor - INFO - Created item data: 39 items
2026-03-08 15:58:28,876 - data_processor - INFO - Created ratings data: 40034 ratings
2026-03-08 15:58:28,885 - data_processor - INFO - Created user data: 1216 users
2026-03-08 15:58:29,264 - data_processor - INFO - Final data shapes - Users: (40034, 93), Items: (40034, 27), Ratings: (40034, 3)
2026-03-08 15:58:29,264 - recommendation_system - INFO - Data loaded successfully: 40034 users, 40034 items, 40034 ratings
2026-03-08 15:58:29,278 - recommendation_system - INFO - Starting model training...
2026-03-08 15:58:29,278 - data_processor - INFO - Generating Leave-One-Out (LOO) splits & Negative Samples...
2026-03-08 15:59:56,925 - recommendation_system - INFO - Loading data files...
2026-03-08 15:59:56,975 - data_processor - INFO - Starting data preprocessing...
2026-03-08 15:59:56,975 - data_processor - INFO - Created item data: 39 items
2026-03-08 15:59:57,057 - data_processor - INFO - Created ratings data: 40034 ratings
2026-03-08 15:59:57,072 - data_processor - INFO - Created user data: 1216 users
2026-03-08 15:59:57,461 - data_processor - INFO - Final data shapes - Users: (40034, 93), Items: (40034, 27), Ratings: (40034, 3)
2026-03-08 15:59:57,461 - recommendation_system - INFO - Data loaded successfully: 40034 users, 40034 items, 40034 ratings
2026-03-08 15:59:57,472 - recommendation_system - INFO - Starting model training...
2026-03-08 15:59:57,472 - data_processor - INFO - Generating Leave-One-Out (LOO) splits & Negative Samples...
2026-03-08 16:02:31,668 - recommendation_system - INFO - Loading data files...
2026-03-08 16:02:31,737 - data_processor - INFO - Starting data preprocessing...
2026-03-08 16:02:31,739 - data_processor - INFO - Created item data: 39 items
2026-03-08 16:02:31,809 - data_processor - INFO - Created ratings data: 40034 ratings
2026-03-08 16:02:31,829 - data_processor - INFO - Created user data: 1216 users
2026-03-08 16:02:32,200 - data_processor - INFO - Final data shapes - Users: (40034, 93), Items: (40034, 27), Ratings: (40034, 3)
2026-03-08 16:02:32,207 - recommendation_system - INFO - Data loaded successfully: 40034 users, 40034 items, 40034 ratings
2026-03-08 16:02:32,208 - hpo - INFO - Starting hyperparameter optimization...
2026-03-08 16:02:32,225 - data_processor - INFO - Generating Leave-One-Out (LOO) splits & Negative Samples...
2026-03-08 16:02:54,057 - recommendation_system - INFO - Loading data files...
2026-03-08 16:02:54,111 - data_processor - INFO - Starting data preprocessing...
2026-03-08 16:02:54,111 - data_processor - INFO - Created item data: 39 items
2026-03-08 16:02:54,178 - data_processor - INFO - Created ratings data: 40034 ratings
2026-03-08 16:02:54,199 - data_processor - INFO - Created user data: 1216 users
2026-03-08 16:02:54,570 - data_processor - INFO - Final data shapes - Users: (40034, 93), Items: (40034, 27), Ratings: (40034, 3)
2026-03-08 16:02:54,570 - recommendation_system - INFO - Data loaded successfully: 40034 users, 40034 items, 40034 ratings
2026-03-08 16:02:54,570 - recommendation_system - INFO - Starting model training...
2026-03-08 16:02:54,570 - data_processor - INFO - Generating Leave-One-Out (LOO) splits & Negative Samples...
2026-03-08 16:04:13,155 - recommendation_system - INFO - Generating Multi-K Evaluation Table...
2026-03-08 16:12:00,270 - recommendation_system - INFO - Loading data files...
2026-03-08 16:12:00,314 - data_processor - INFO - Starting data preprocessing...
2026-03-08 16:12:00,326 - data_processor - INFO - Created item data: 39 items
2026-03-08 16:12:00,396 - data_processor - INFO - Created ratings data: 40034 ratings
2026-03-08 16:12:00,414 - data_processor - INFO - Created user data: 1216 users
2026-03-08 16:12:00,794 - data_processor - INFO - Final data shapes - Users: (40034, 93), Items: (40034, 27), Ratings: (40034, 3)
2026-03-08 16:12:00,794 - recommendation_system - INFO - Data loaded successfully: 40034 users, 40034 items, 40034 ratings
2026-03-08 16:12:00,794 - recommendation_system - INFO - Starting model training...
2026-03-08 16:12:00,794 - data_processor - INFO - Generating Leave-One-Out (LOO) splits & Negative Samples...
2026-03-08 16:13:14,044 - recommendation_system - INFO - Generating Multi-K Evaluation Table...
2026-03-08 16:13:21,125 - recommendation_system - INFO - Model and data saved to dyslexia_model.pth
2026-03-08 16:13:21,132 - recommendation_system - INFO - User 7000 - Existing: False
2026-03-08 16:13:21,190 - recommendation_system - INFO - User 8000 - Existing: False
2026-03-08 16:13:21,276 - recommendation_system - INFO - User 400 - Existing: True
2026-03-08 16:13:21,278 - recommendation_system - INFO - User 400: 13 high-rated items out of 29 total
2026-03-08 16:13:21,280 - recommendation_system - INFO - User 400 preferred categories: [('Self-made Study Aids', np.float64(6.5)), ('Text Structuring Tools', np.float64(6.0)), ('Active Reading Markup', np.float64(6.0)), ('Assistive Writing Tools', np.float64(5.5)), ('Personal Reader Support', np.float64(5.5))]
2026-03-08 16:13:21,919 - recommendation_system - INFO - User 400: Found 10 similar users
2026-03-08 16:16:47,904 - recommendation_system - INFO - User 32 - Existing: True
2026-03-08 16:16:47,907 - recommendation_system - INFO - User 32: 13 high-rated items out of 23 total
2026-03-08 16:16:47,910 - recommendation_system - INFO - User 32 preferred categories: [('Pre-made Visual Aids', np.float64(6.5)), ('Personal Reader Support', np.float64(5.5)), ('Classroom Support Aids', np.float64(5.5)), ('Assessment Adaptation', np.float64(5.5)), ('Online Study Resources', np.float64(5.5))]
2026-03-08 16:16:48,642 - recommendation_system - INFO - User 32: Found 10 similar users
2026-03-08 16:16:51,602 - recommendation_system - INFO - User 5776 - Existing: False
2026-03-08 16:16:57,417 - recommendation_system - INFO - User 8977 - Existing: False
2026-03-08 16:27:27,250 - recommendation_system - INFO - Loading data files...
2026-03-08 16:27:27,366 - data_processor - INFO - Starting data preprocessing...
2026-03-08 16:27:27,366 - data_processor - INFO - Created item data: 39 items
2026-03-08 16:27:27,444 - data_processor - INFO - Created ratings data: 40034 ratings
2026-03-08 16:27:27,464 - data_processor - INFO - Created user data: 1216 users
2026-03-08 16:27:27,980 - data_processor - INFO - Final data shapes - Users: (40034, 93), Items: (40034, 27), Ratings: (40034, 3)
2026-03-08 16:27:27,980 - recommendation_system - INFO - Data loaded successfully: 40034 users, 40034 items, 40034 ratings
2026-03-08 16:27:36,792 - data_processor - INFO - Generating Leave-One-Out (LOO) splits & Negative Samples...
2026-03-08 16:30:25,603 - recommendation_system - INFO - Model and data saved to complete_dyslexia_model.pth
2026-03-08 16:30:56,198 - recommendation_system - INFO - User 67 - Existing: True
2026-03-08 16:30:56,201 - recommendation_system - INFO - User 67: 25 high-rated items out of 36 total
2026-03-08 16:30:56,206 - recommendation_system - INFO - User 67 preferred categories: [('Self-made Study Aids', np.float64(6.066666666666667)), ('Pre-made Visual Aids', np.float64(5.2)), ('Multimedia Lesson Recording', np.float64(5.2)), ('Text Structuring Tools', np.float64(4.8)), ('Visual Memory Aids', np.float64(4.8))]
2026-03-08 16:30:57,884 - recommendation_system - INFO - User 67: Found 10 similar users
2026-03-08 16:31:08,187 - recommendation_system - INFO - User 7000 - Existing: False
2026-03-08 16:31:20,512 - recommendation_system - INFO - User 7000 - Existing: False
2026-03-08 16:31:38,465 - recommendation_system - INFO - User 7000 - Existing: False
2026-03-08 16:32:00,935 - recommendation_system - INFO - User 0 - Existing: True
2026-03-08 16:32:00,938 - recommendation_system - INFO - User 0: 12 high-rated items out of 23 total
2026-03-08 16:32:00,938 - recommendation_system - INFO - User 0 preferred categories: [('Multimedia Lesson Recording', np.float64(6.0)), ('Classroom Support Aids', np.float64(6.0)), ('Tutoring Support', np.float64(5.5)), ('Peer Association', np.float64(5.5)), ('Online Lessons', np.float64(5.5))]
2026-03-08 16:32:01,891 - recommendation_system - INFO - User 0: Found 10 similar users
2026-03-08 16:35:22,855 - recommendation_system - INFO - User 7000 - Existing: False
2026-03-08 16:40:29,564 - recommendation_system - INFO - Loading data files...
2026-03-08 16:40:29,714 - data_processor - INFO - Starting data preprocessing...
2026-03-08 16:40:29,714 - data_processor - INFO - Created item data: 39 items
2026-03-08 16:40:29,804 - data_processor - INFO - Created ratings data: 40034 ratings
2026-03-08 16:40:29,821 - data_processor - INFO - Created user data: 1216 users
2026-03-08 16:40:30,381 - data_processor - INFO - Final data shapes - Users: (40034, 93), Items: (40034, 27), Ratings: (40034, 3)
2026-03-08 16:40:30,382 - recommendation_system - INFO - Data loaded successfully: 40034 users, 40034 items, 40034 ratings
2026-03-08 16:40:34,496 - data_processor - INFO - Generating Leave-One-Out (LOO) splits & Negative Samples...
2026-03-08 16:42:03,814 - recommendation_system - INFO - Model and data saved to complete_dyslexia_model.pth
2026-03-08 16:42:18,318 - recommendation_system - INFO - User 0 - Existing: True
2026-03-08 16:42:18,321 - recommendation_system - INFO - User 0: 12 high-rated items out of 23 total
2026-03-08 16:42:18,324 - recommendation_system - INFO - User 0 preferred categories: [('Multimedia Lesson Recording', np.float64(6.0)), ('Classroom Support Aids', np.float64(6.0)), ('Tutoring Support', np.float64(5.5)), ('Peer Association', np.float64(5.5)), ('Online Lessons', np.float64(5.5))]
2026-03-08 16:42:19,325 - recommendation_system - INFO - User 0: Found 10 similar users
2026-03-08 16:42:26,402 - recommendation_system - INFO - User 7000 - Existing: False
2026-03-08 16:42:41,689 - recommendation_system - INFO - User 7000 - Existing: False
2026-03-08 16:42:58,361 - recommendation_system - INFO - User 7000 - Existing: False
2026-03-08 16:43:09,627 - recommendation_system - INFO - User 7000 - Existing: False
2026-03-08 16:45:47,754 - recommendation_system - INFO - Loading data files...
2026-03-08 16:45:47,826 - data_processor - INFO - Starting data preprocessing...
2026-03-08 16:45:47,830 - data_processor - INFO - Created item data: 39 items
2026-03-08 16:45:47,908 - data_processor - INFO - Created ratings data: 40034 ratings
2026-03-08 16:45:47,923 - data_processor - INFO - Created user data: 1216 users
2026-03-08 16:45:48,327 - data_processor - INFO - Final data shapes - Users: (40034, 93), Items: (40034, 27), Ratings: (40034, 3)
2026-03-08 16:45:48,327 - recommendation_system - INFO - Data loaded successfully: 40034 users, 40034 items, 40034 ratings
2026-03-08 16:45:48,329 - recommendation_system - INFO - Starting model training...
2026-03-08 16:45:48,329 - data_processor - INFO - Generating Leave-One-Out (LOO) splits & Negative Samples...
2026-03-08 16:47:50,272 - recommendation_system - INFO - Generating Multi-K Evaluation Table...
2026-03-08 16:47:58,660 - recommendation_system - INFO - Model and data saved to dyslexia_model.pth
2026-03-08 16:47:58,662 - recommendation_system - INFO - User 7000 - Existing: False
2026-03-08 16:47:58,718 - recommendation_system - INFO - User 8000 - Existing: False
2026-03-08 16:47:58,804 - recommendation_system - INFO - User 400 - Existing: True
2026-03-08 16:47:58,807 - recommendation_system - INFO - User 400: 13 high-rated items out of 29 total
2026-03-08 16:47:58,808 - recommendation_system - INFO - User 400 preferred categories: [('Self-made Study Aids', np.float64(6.5)), ('Text Structuring Tools', np.float64(6.0)), ('Active Reading Markup', np.float64(6.0)), ('Assistive Writing Tools', np.float64(5.5)), ('Personal Reader Support', np.float64(5.5))]
2026-03-08 16:47:59,431 - recommendation_system - INFO - User 400: Found 10 similar users
2026-03-08 16:54:16,996 - recommendation_system - INFO - Loading data files...
2026-03-08 16:54:17,059 - data_processor - INFO - Starting data preprocessing...
2026-03-08 16:54:17,065 - data_processor - INFO - Created item data: 39 items
2026-03-08 16:54:17,124 - data_processor - INFO - Created ratings data: 40034 ratings
2026-03-08 16:54:17,146 - data_processor - INFO - Created user data: 1216 users
2026-03-08 16:54:17,535 - data_processor - INFO - Final data shapes - Users: (40034, 93), Items: (40034, 27), Ratings: (40034, 3)
2026-03-08 16:54:17,535 - recommendation_system - INFO - Data loaded successfully: 40034 users, 40034 items, 40034 ratings
2026-03-08 16:54:17,535 - recommendation_system - INFO - Starting model training...
2026-03-08 16:54:17,535 - data_processor - INFO - Generating Leave-One-Out (LOO) splits & Negative Samples...
2026-03-08 16:55:55,498 - recommendation_system - INFO - Generating Multi-K Evaluation Table...
2026-03-08 16:57:40,896 - recommendation_system - INFO - Loading data files...
2026-03-08 16:57:40,949 - data_processor - INFO - Starting data preprocessing...
2026-03-08 16:57:40,949 - data_processor - INFO - Created item data: 39 items
2026-03-08 16:57:41,019 - data_processor - INFO - Created ratings data: 40034 ratings
2026-03-08 16:57:41,035 - data_processor - INFO - Created user data: 1216 users
2026-03-08 16:57:41,398 - data_processor - INFO - Final data shapes - Users: (40034, 93), Items: (40034, 27), Ratings: (40034, 3)
2026-03-08 16:57:41,398 - recommendation_system - INFO - Data loaded successfully: 40034 users, 40034 items, 40034 ratings
2026-03-08 16:57:41,408 - recommendation_system - INFO - Starting model training...
2026-03-08 16:57:41,408 - data_processor - INFO - Generating Leave-One-Out (LOO) splits & Negative Samples...
2026-03-08 16:59:01,058 - recommendation_system - INFO - Generating Multi-K Evaluation Table...
2026-03-08 16:59:06,057 - recommendation_system - INFO - Model and data saved to dyslexia_model.pth
2026-03-08 16:59:06,071 - recommendation_system - INFO - User 7000 - Existing: False
2026-03-08 16:59:06,126 - recommendation_system - INFO - User 8000 - Existing: False
2026-03-08 16:59:06,211 - recommendation_system - INFO - User 400 - Existing: True
2026-03-08 16:59:06,214 - recommendation_system - INFO - User 400: 13 high-rated items out of 29 total
2026-03-08 16:59:06,220 - recommendation_system - INFO - User 400 preferred categories: [('Self-made Study Aids', np.float64(6.5)), ('Text Structuring Tools', np.float64(6.0)), ('Active Reading Markup', np.float64(6.0)), ('Assistive Writing Tools', np.float64(5.5)), ('Personal Reader Support', np.float64(5.5))]
2026-03-08 16:59:06,853 - recommendation_system - INFO - User 400: Found 10 similar users
2026-03-08 17:04:04,291 - recommendation_system - INFO - Loading data files...
2026-03-08 17:04:04,343 - data_processor - INFO - Starting data preprocessing...
2026-03-08 17:04:04,346 - data_processor - INFO - Created item data: 39 items
2026-03-08 17:04:04,414 - data_processor - INFO - Created ratings data: 40034 ratings
2026-03-08 17:04:04,415 - data_processor - INFO - Ablation: P1-P12 Learning Difficulty features ENABLED.
2026-03-08 17:04:04,427 - data_processor - INFO - Created user data: 1216 users
2026-03-08 17:04:04,827 - data_processor - INFO - Final data shapes - Users: (40034, 93), Items: (40034, 27), Ratings: (40034, 3)
2026-03-08 17:04:04,833 - recommendation_system - INFO - Data loaded successfully: 40034 users, 40034 items, 40034 ratings
2026-03-08 17:04:04,838 - recommendation_system - INFO - Starting model training...
2026-03-08 17:04:04,838 - data_processor - INFO - Generating Leave-One-Out (LOO) splits & Negative Samples...
2026-03-08 17:05:08,156 - recommendation_system - INFO - Generating Multi-K Evaluation Table...
2026-03-08 17:05:12,836 - recommendation_system - INFO - Model and data saved to dyslexia_model.pth
2026-03-08 17:05:12,844 - recommendation_system - INFO - User 7000 - Existing: False
2026-03-08 17:05:12,889 - recommendation_system - INFO - User 8000 - Existing: False
2026-03-08 17:05:12,961 - recommendation_system - INFO - User 400 - Existing: True
2026-03-08 17:05:12,963 - recommendation_system - INFO - User 400: 13 high-rated items out of 29 total
2026-03-08 17:05:12,965 - recommendation_system - INFO - User 400 preferred categories: [('Self-made Study Aids', np.float64(6.5)), ('Text Structuring Tools', np.float64(6.0)), ('Active Reading Markup', np.float64(6.0)), ('Assistive Writing Tools', np.float64(5.5)), ('Personal Reader Support', np.float64(5.5))]
2026-03-08 17:05:13,553 - recommendation_system - INFO - User 400: Found 10 similar users
